2023-02-02	04:45:20	1b88a8fe-eaf4-42ab-9e13-d5f75346209b	Error:Not allowed by CORS rules
2023-02-02	04:46:24	b857753f-60e2-4aa6-83a9-b11b56456385	Error:Not allowed by CORS rules
2023-02-02	04:46:27	8181baf2-6421-4e35-80c8-30ba0be83b83	Error:Not allowed by CORS rules
2023-02-02	04:46:29	313f054c-60b8-4058-b1f8-90b41c0aa7e8	Error:Not allowed by CORS rules
2023-02-02	04:47:11	3a46889d-7755-415e-bdcd-5f19c59315b9	Error:Not allowed by CORS rules
2023-02-02	04:49:45	29cd8895-6696-4ea4-8912-be86572be2e1	Error:Not allowed by CORS rules
2023-02-02	04:50:29	ee53c5f6-cf03-4308-aff3-9290309b6f46	Error:Not allowed by CORS rules
2023-02-02	04:54:03	bba02884-ddf8-4908-8737-ce4980db2f39	Error:Not allowed by CORS rules
2023-02-02	04:54:12	c2387d54-cc9f-42ac-9ef8-733b78b7853e	Error:Not allowed by CORS rules
2023-02-02	04:56:05	df6cecd2-0a56-445b-b9c3-2929a5bb10b8	Error:Not allowed by CORS rules
2023-02-02	04:56:07	c5427473-4cd0-4e12-b32e-0dc34a2a5032	Error:Not allowed by CORS rules
2023-02-02	04:58:40	f996c36b-2ba7-471f-9590-4877524c23c6	Error:Not allowed by CORS rules
2023-02-02	04:58:42	58167e2c-be53-4df8-9c47-ed87e579550d	Error:Not allowed by CORS rules
2023-02-02	04:58:43	50698a4f-97fc-420e-9bec-09dd23b1f96d	Error:Not allowed by CORS rules
2023-02-02	04:59:40	694eb67a-ac57-4c02-8d54-3d02d1ca48e3	Error:Not allowed by CORS rules
2023-02-02	04:59:48	2be65ac6-2270-4a9a-910c-de0f0d767837	Error:Not allowed by CORS rules
2023-02-02	05:00:52	ce6d61a9-9981-477f-af9f-d28c36de481f	TypeError:allowedOrigins.includes is not a function
2023-02-02	05:01:16	802801ab-1e62-47f6-8c83-560785ebfa23	Error:Not allowed by CORS rules
2023-02-02	05:04:23	ddb224eb-f00f-4915-9378-6372f573265a	Error:Not allowed by CORS rules
2023-02-02	05:04:32	6b5ec09a-aece-47b1-b3c2-d64afc638286	Error:Not allowed by CORS rules
2023-02-02	05:04:47	590210c2-052c-4ad4-850e-f0b27b76f22c	Error:Not allowed by CORS rules
2023-02-02	05:05:13	9db84287-6094-4e08-95a8-b34a5235f0d0	Error:Not allowed by CORS rules
2023-02-02	05:05:19	53749dc2-08d1-4021-a92e-4d59d8a1949c	Error:Not allowed by CORS rules
2023-02-02	05:05:25	a3f57aed-e576-4f5e-8b92-15de016f04ce	Error:Not allowed by CORS rules
2023-02-02	05:05:27	7f64ee56-ced5-443f-afb4-b1ce79bb5d56	Error:Not allowed by CORS rules
2023-02-02	05:05:41	3e68834f-ce32-40c5-ad75-e4eae781b53e	Error:Not allowed by CORS rules
2023-02-02	05:05:43	b068e617-bb98-4597-9231-8b282f3c7dcc	Error:Not allowed by CORS rules
2023-02-04	19:48:44	c2c1a33e-f5f6-4bd9-b423-71dde543b91f	Error:Not allowed by CORS rules
2023-02-04	19:48:44	8e877b47-b98d-432b-8ea3-93293a47423e	Error:Not allowed by CORS rules
2023-02-04	20:07:02	c1b647ff-6851-475b-924d-e52bc31b4ff5	Error:Not allowed by CORS rules
2023-02-04	20:07:02	790d21db-0bcf-46af-9e3f-f3d4be4b051d	Error:Not allowed by CORS rules
2023-02-04	20:58:56	b14ff70e-73fa-47cc-a829-c8395a0451a8	Error:Not allowed by CORS rules
2023-02-04	20:58:56	6a0258e1-bcfa-41d7-aeb9-fd6006125230	Error:Not allowed by CORS rules
2023-02-04	21:04:45	bbb883b5-2f59-4ed7-915c-37d67860c8a7	Error:Not allowed by CORS rules
2023-02-04	21:04:45	beaebddc-2201-478b-9324-c64cda37a01d	Error:Not allowed by CORS rules
2023-02-04	21:13:17	f136c83f-2648-4845-bd17-8cffed2c9cc2	RangeError:Invalid status code: true
