2023-02-01	20:12:59	2892a63c-738c-4e4e-9de3-1449fb7d99c0	GET	undefined	/workoout
2023-02-01	20:13:17	d3d791d4-2440-4ff9-88c0-01d8e44533f5	GET	undefined	/workout
2023-02-01	20:13:43	5f42ec17-3ad3-41e8-b7fe-80d9c7adaad4	GET	undefined	/workout/22
2023-02-01	20:16:41	6f46bb59-dd2b-4630-aa80-849ea8dc28ba	GET	undefined	/workout/22
2023-02-01	20:22:27	8163dc27-079c-46ba-a0f2-cb431b73a1c5	GET	undefined	/workout/22
2023-02-01	20:22:29	dc6a359a-3080-4906-9967-4cc769af9e55	GET	undefined	/workout/22
2023-02-01	20:22:30	6b92151a-d066-4f9b-974d-21611b5a7342	GET	undefined	/workout/22
2023-02-01	20:23:00	ad461379-ce25-4707-bf52-0d743b7e569e	GET	undefined	/workout/22
2023-02-01	20:23:02	7ea3fba8-530c-4caa-9295-59a43ee136ec	GET	undefined	/workout/22
2023-02-01	20:23:18	1b1a8b82-4fa1-41ed-a8eb-7c3fef5c59e9	GET	undefined	/workout/22
2023-02-01	20:26:12	cbd600cb-f238-468b-81f7-dd770aeda73b	GET	undefined	/workout/22
2023-02-01	20:26:33	382e2d14-a7b9-4a27-ae68-fc80b73aea5b	GET	undefined	/workout/22
2023-02-01	20:26:34	42ce9769-2db8-4a01-8811-a7a3d611747a	GET	undefined	/workout/22
2023-02-01	20:34:19	d65d0d12-9eca-4d05-a740-c9e8b6a99006	OPTIONS	https://www.google.com	/workout
2023-02-01	20:34:19	8c14dfd8-699d-4b81-a5cb-815766232bb5	GET	https://www.google.com	/workout
2023-02-01	20:35:52	43f5c1ce-630e-44a8-bf0a-fbb3adb37e86	OPTIONS	https://www.google.com	/workout
2023-02-01	20:35:52	5b27c875-c944-44ec-8189-514c8da0a1c5	GET	https://www.google.com	/workout
2023-02-01	20:36:22	f8386d21-fccf-4a79-a676-f7f7c583e679	OPTIONS	https://www.google.com	/workout
2023-02-01	20:36:22	8edc620c-eeba-45a9-90a3-1a43f830dc9e	GET	https://www.google.com	/workout
2023-02-01	20:37:03	75d376ed-0e60-427c-bf5e-07a7d387ed8d	OPTIONS	https://www.google.com	/workout
2023-02-01	20:37:03	a332ffe1-5a1f-45db-afb6-14883001d76d	GET	https://www.google.com	/workout
2023-02-01	20:37:33	a1092ba2-aa8f-48e9-a451-07e0be810041	OPTIONS	https://www.google.com	/workout
2023-02-01	20:37:33	a72eaaf9-4c45-426f-81b6-09542a86943b	GET	https://www.google.com	/workout
2023-02-01	20:40:12	3c2d3da9-de02-4e4d-8a57-658166d81bcf	OPTIONS	https://www.google.com	/workout
2023-02-01	20:40:12	10afa5f0-4e39-4684-81c4-1a5458838b0b	GET	https://www.google.com	/workout
2023-02-01	21:19:02	a5f28670-ef97-422a-8d60-8c2b2389f16d	GET	undefined	/workout/1
2023-02-01	21:19:23	bec6a51b-7523-417d-82a7-5d7a95a656f9	GET	undefined	/workout/:22
2023-02-01	21:19:26	294ee19c-8040-470b-8373-21f74cc51557	GET	undefined	/workout/2
2023-02-01	21:20:00	9621a5bc-4fc8-4e3f-89f9-b27e0b0c4e19	GET	undefined	/workout/2
